2025-08-22 23:17:25,968 - INFO - Start crawl: category_id=1805, max_products=300, limit=40
2025-08-22 23:17:28,900 - WARNING - Lỗi tải ảnh https://salt.tikicdn.com/cache/280x280/ts/product/26/80/01/b0d6eeea0ccb8b74c5249667e7282815.jpg: [Errno 2] No such file or directory: 'images/speaker/product_277820438.jpg'
2025-08-22 23:17:29,237 - WARNING - Lỗi tải ảnh https://salt.tikicdn.com/cache/280x280/ts/product/08/d3/be/acd88d0844d45ee8ac6c2a06553eadff.png: [Errno 2] No such file or directory: 'images/speaker/product_277615987.jpg'
2025-08-22 23:17:29,715 - WARNING - Lỗi tải ảnh https://salt.tikicdn.com/cache/280x280/ts/product/47/f1/d0/fdc5b470c609e29f5e46b52b7fa9e904.jpg: [Errno 2] No such file or directory: 'images/speaker/product_277548884.jpg'
2025-08-22 23:17:30,623 - WARNING - Lỗi tải ảnh https://salt.tikicdn.com/cache/280x280/ts/product/42/a2/ab/fa64b11d72d1e42953d1668caf55a1a6.png: [Errno 2] No such file or directory: 'images/speaker/product_277468981.jpg'
2025-08-22 23:17:31,257 - WARNING - Lỗi tải ảnh https://salt.tikicdn.com/cache/280x280/ts/product/39/80/a0/c9474714cfb0b80432333bd0eb238aa4.png: [Errno 2] No such file or directory: 'images/speaker/product_277369759.jpg'
2025-08-22 23:17:31,759 - WARNING - Lỗi tải ảnh https://salt.tikicdn.com/cache/280x280/ts/product/4b/d3/5d/0df6ad508ac96430cc9ecb370212f3a1.jpg: [Errno 2] No such file or directory: 'images/speaker/product_276582252.jpg'
2025-08-22 23:17:32,321 - WARNING - Lỗi tải ảnh https://salt.tikicdn.com/cache/280x280/ts/product/29/33/3b/88e9badde8db14e8795ad486f878ac3f.jpg: [Errno 2] No such file or directory: 'images/speaker/product_276566181.jpg'
2025-08-22 23:17:32,843 - WARNING - Lỗi tải ảnh https://salt.tikicdn.com/cache/280x280/ts/product/8a/7b/eb/220d0a167587a511b47b3670a35aabc3.jpg: [Errno 2] No such file or directory: 'images/speaker/product_276386509.jpg'
2025-08-22 23:17:33,755 - WARNING - Lỗi tải ảnh https://salt.tikicdn.com/cache/280x280/ts/product/f1/2e/ed/8fe4edc4a67abf0ac2ef2aeb87bc3aab.jpg: [Errno 2] No such file or directory: 'images/speaker/product_276075466.jpg'
2025-08-22 23:17:34,101 - WARNING - Lỗi tải ảnh https://salt.tikicdn.com/cache/280x280/ts/product/67/aa/6b/7f2b935840624971dfbd626660edc66b.jpg: [Errno 2] No such file or directory: 'images/speaker/product_275513834.jpg'
2025-08-22 23:17:34,968 - WARNING - Lỗi tải ảnh https://salt.tikicdn.com/cache/280x280/ts/product/2b/27/af/4523d339fd00437117b277e3d9ccb2f6.jpg: [Errno 2] No such file or directory: 'images/speaker/product_275406083.jpg'
2025-08-22 23:17:35,346 - WARNING - Lỗi tải ảnh https://salt.tikicdn.com/cache/280x280/ts/product/63/5f/51/93bb2369808b60ff5336cb7c65bb0c61.jpg: [Errno 2] No such file or directory: 'images/speaker/product_275262949.jpg'
2025-08-22 23:17:35,769 - WARNING - Lỗi tải ảnh https://salt.tikicdn.com/cache/280x280/ts/product/83/19/53/aca4c2b4f56e00b3d073918b2d9926fa.jpg: [Errno 2] No such file or directory: 'images/speaker/product_274704359.jpg'
2025-08-22 23:17:36,237 - WARNING - Lỗi tải ảnh https://salt.tikicdn.com/cache/280x280/ts/product/d1/12/1a/2f550c77ffce011eff2dc85327896306.jpg: [Errno 2] No such file or directory: 'images/speaker/product_252963851.jpg'
2025-08-22 23:17:37,002 - WARNING - Lỗi tải ảnh https://salt.tikicdn.com/cache/280x280/ts/product/8c/96/42/c876c652bda44920748fb96d17daff60.jpg: [Errno 2] No such file or directory: 'images/speaker/product_252390163.jpg'
2025-08-22 23:17:37,568 - WARNING - Lỗi tải ảnh https://salt.tikicdn.com/cache/280x280/ts/product/d3/ae/92/1f7c66642df2565f251231c114f94d82.jpg: [Errno 2] No such file or directory: 'images/speaker/product_196201409.jpg'
2025-08-22 23:17:38,093 - WARNING - Lỗi tải ảnh https://salt.tikicdn.com/cache/280x280/ts/product/23/ea/1c/ebce0794ababe54445ed6512e1de5ddb.jpg: [Errno 2] No such file or directory: 'images/speaker/product_191320811.jpg'
2025-08-22 23:17:38,888 - WARNING - Lỗi tải ảnh https://salt.tikicdn.com/cache/280x280/ts/product/58/50/8f/036b824c27d115608719f7bfe3a69dd4.jpg: [Errno 2] No such file or directory: 'images/speaker/product_188565088.jpg'
2025-08-22 23:17:39,699 - WARNING - Lỗi tải ảnh https://salt.tikicdn.com/cache/280x280/ts/product/02/8c/97/ec20d0a3e3a6c8ddb0befa8dcfd682c4.jpg: [Errno 2] No such file or directory: 'images/speaker/product_171232872.jpg'
2025-08-22 23:17:40,409 - WARNING - Lỗi tải ảnh https://salt.tikicdn.com/cache/280x280/ts/product/a9/e4/9c/38ba373ccd6a1194e7d4136225a61559.png: [Errno 2] No such file or directory: 'images/speaker/product_164285225.jpg'
2025-08-22 23:17:40,956 - WARNING - Lỗi tải ảnh https://salt.tikicdn.com/cache/280x280/ts/product/36/f5/c5/5a9d7f3c9c33940c5a9d74948ca61a3a.png: [Errno 2] No such file or directory: 'images/speaker/product_160946349.jpg'
2025-08-22 23:17:41,830 - WARNING - Lỗi tải ảnh https://salt.tikicdn.com/cache/280x280/ts/product/54/3f/73/0a05db6a772e5b7ea54060949482b2b9.jpg: [Errno 2] No such file or directory: 'images/speaker/product_153544569.jpg'
2025-08-22 23:17:42,459 - WARNING - Lỗi tải ảnh https://salt.tikicdn.com/cache/280x280/ts/product/8a/89/33/9a062c76cacb992f4caaf632e0328eee.jpg: [Errno 2] No such file or directory: 'images/speaker/product_127695415.jpg'
2025-08-22 23:17:43,152 - WARNING - Lỗi tải ảnh https://salt.tikicdn.com/cache/280x280/ts/product/05/b9/95/da3ede58bcd8d0556f3b1800a3ff342c.jpg: [Errno 2] No such file or directory: 'images/speaker/product_127600345.jpg'
2025-08-22 23:17:43,599 - WARNING - Lỗi tải ảnh https://salt.tikicdn.com/cache/280x280/ts/product/4a/59/62/ee44eda734cddd9c8ab959fee71b193e.jpg: [Errno 2] No such file or directory: 'images/speaker/product_117916066.jpg'
2025-08-22 23:17:44,030 - WARNING - Lỗi tải ảnh https://salt.tikicdn.com/cache/280x280/ts/product/3d/63/49/9c62f731e04e0c0f52f0ca4dcfa16aaf.jpg: [Errno 2] No such file or directory: 'images/speaker/product_108379905.jpg'
2025-08-22 23:17:44,541 - WARNING - Lỗi tải ảnh https://salt.tikicdn.com/cache/280x280/ts/product/d6/c6/d1/e78834bc1c032a8132e5dfdc7ce132ad.jpg: [Errno 2] No such file or directory: 'images/speaker/product_95469367.jpg'
2025-08-22 23:17:45,079 - WARNING - Lỗi tải ảnh https://salt.tikicdn.com/cache/280x280/ts/product/99/4d/79/b0676eb236513f19df7c6ed8cee246f8.png: [Errno 2] No such file or directory: 'images/speaker/product_88191430.jpg'
2025-08-22 23:17:45,575 - WARNING - Lỗi tải ảnh https://salt.tikicdn.com/cache/280x280/ts/product/25/5e/64/09e4922c8a0db92826bd8b8f4f50196b.png: [Errno 2] No such file or directory: 'images/speaker/product_82874789.jpg'
2025-08-22 23:17:46,321 - WARNING - Lỗi tải ảnh https://salt.tikicdn.com/cache/280x280/ts/product/7c/9b/f2/a8a310d6ef6f55e22667afe11eac32f9.png: [Errno 2] No such file or directory: 'images/speaker/product_82861299.jpg'
2025-08-22 23:17:47,221 - WARNING - Lỗi tải ảnh https://salt.tikicdn.com/cache/280x280/ts/product/5d/9a/6b/f2c30a5b024048e110e4344d2ea03258.png: [Errno 2] No such file or directory: 'images/speaker/product_80959641.jpg'
2025-08-22 23:17:47,602 - WARNING - Lỗi tải ảnh https://salt.tikicdn.com/cache/280x280/ts/product/bb/02/92/a91902db7dcfe74da3a77620b40dec48.png: [Errno 2] No such file or directory: 'images/speaker/product_77712221.jpg'
2025-08-22 23:17:48,243 - WARNING - Lỗi tải ảnh https://salt.tikicdn.com/cache/280x280/ts/product/16/79/69/73301c5537dd015515173dcc927b11ce.png: [Errno 2] No such file or directory: 'images/speaker/product_76062253.jpg'
2025-08-22 23:17:49,042 - WARNING - Lỗi tải ảnh https://salt.tikicdn.com/cache/280x280/ts/product/48/4d/71/062a0e4cb5435456d25d47d1299fba4a.jpg: [Errno 2] No such file or directory: 'images/speaker/product_73204703.jpg'
2025-08-22 23:17:49,644 - WARNING - Lỗi tải ảnh https://salt.tikicdn.com/cache/280x280/ts/product/aa/3e/77/4c6c49a705167ee147cdd156f8ed35f2.JPG: [Errno 2] No such file or directory: 'images/speaker/product_57900120.jpg'
2025-08-22 23:17:50,308 - WARNING - Lỗi tải ảnh https://salt.tikicdn.com/cache/280x280/ts/product/05/53/e5/99dc1f487ed104b6afad149ca645f565.jpg: [Errno 2] No such file or directory: 'images/speaker/product_35278834.jpg'
2025-08-22 23:17:50,845 - WARNING - Lỗi tải ảnh https://salt.tikicdn.com/cache/280x280/ts/product/65/ab/9f/525e29895ddd0fd0bde89a56e71b7bd1.jpg: [Errno 2] No such file or directory: 'images/speaker/product_13331940.jpg'
2025-08-22 23:17:51,569 - WARNING - Lỗi tải ảnh https://salt.tikicdn.com/cache/280x280/ts/product/bf/01/8e/b95612daa1611ffe07ad9b4a835f7185.jpg: [Errno 2] No such file or directory: 'images/speaker/product_6610413.jpg'
2025-08-22 23:17:52,160 - WARNING - Lỗi tải ảnh https://salt.tikicdn.com/cache/280x280/media/catalog/product/a/1/a1301_1.jpg: [Errno 2] No such file or directory: 'images/speaker/product_104180.jpg'
2025-08-22 23:17:54,274 - WARNING - Lỗi tải ảnh https://salt.tikicdn.com/cache/280x280/ts/product/e2/6d/f3/a4d4cab4832ad57cc0c85ee92a36b08f.png: [Errno 2] No such file or directory: 'images/speaker/product_278149617.jpg'
2025-08-22 23:17:55,164 - WARNING - Lỗi tải ảnh https://salt.tikicdn.com/cache/280x280/ts/product/31/28/77/2587ef3dae8c3aa997753a72b73abe03.jpeg: [Errno 2] No such file or directory: 'images/speaker/product_278067024.jpg'
2025-08-22 23:17:55,911 - WARNING - Lỗi tải ảnh https://salt.tikicdn.com/cache/280x280/ts/product/eb/51/88/63574fc61cf5b9c8c9e01ae5514d73e0.JPG: [Errno 2] No such file or directory: 'images/speaker/product_277771239.jpg'
2025-08-22 23:17:56,797 - WARNING - Lỗi tải ảnh https://salt.tikicdn.com/cache/280x280/ts/product/8b/9e/01/ac46c1067fc008f6d897b951f8f9a088.jpg: [Errno 2] No such file or directory: 'images/speaker/product_277582223.jpg'
2025-08-22 23:17:57,570 - WARNING - Lỗi tải ảnh https://salt.tikicdn.com/cache/280x280/ts/product/6c/bb/f3/8df7e1cfc10ff1188f958e4f4ad99ac7.jpg: [Errno 2] No such file or directory: 'images/speaker/product_277581685.jpg'
2025-08-22 23:17:58,084 - WARNING - Lỗi tải ảnh https://salt.tikicdn.com/cache/280x280/ts/product/53/a2/08/4f321920e08c28fa85ac45135906871f.jpg: [Errno 2] No such file or directory: 'images/speaker/product_277421606.jpg'
2025-08-22 23:17:58,909 - WARNING - Lỗi tải ảnh https://salt.tikicdn.com/cache/280x280/ts/product/63/8d/8f/148eceabb190aeb9124d7adefa32e967.jpg: [Errno 2] No such file or directory: 'images/speaker/product_276856800.jpg'
2025-08-22 23:17:59,786 - WARNING - Lỗi tải ảnh https://salt.tikicdn.com/cache/280x280/ts/product/d0/93/77/dc03bbcf2e351eed632da89a6256e986.jpg: [Errno 2] No such file or directory: 'images/speaker/product_276253446.jpg'
2025-08-22 23:18:00,649 - WARNING - Lỗi tải ảnh https://salt.tikicdn.com/cache/280x280/ts/product/a8/d9/2e/25715bc40be52256883ddeef3d74be96.jpg: [Errno 2] No such file or directory: 'images/speaker/product_276253314.jpg'
2025-08-22 23:18:01,119 - WARNING - Lỗi tải ảnh https://salt.tikicdn.com/cache/280x280/ts/product/b3/8f/11/52b6b1a6e279c0fe706191ad28f2dea5.jpg: [Errno 2] No such file or directory: 'images/speaker/product_276251942.jpg'
2025-08-22 23:18:01,993 - WARNING - Lỗi tải ảnh https://salt.tikicdn.com/cache/280x280/ts/product/2c/30/05/1dcfebb38150c2477c71db6423f6704f.jpg: [Errno 2] No such file or directory: 'images/speaker/product_275855621.jpg'
2025-08-22 23:18:02,583 - WARNING - Lỗi tải ảnh https://salt.tikicdn.com/cache/280x280/ts/product/79/22/59/82d6179545f64ec16342dcecad8d251f.png: [Errno 2] No such file or directory: 'images/speaker/product_275467638.jpg'
2025-08-22 23:18:03,013 - WARNING - Lỗi tải ảnh https://salt.tikicdn.com/cache/280x280/ts/product/f9/71/7c/1d408941370d1b781efa8302801bfbb5.jpg: [Errno 2] No such file or directory: 'images/speaker/product_275254778.jpg'
2025-08-22 23:18:03,581 - WARNING - Lỗi tải ảnh https://salt.tikicdn.com/cache/280x280/ts/product/4f/60/16/e745b03f6bb85cf2c723c303447e653d.jpeg: [Errno 2] No such file or directory: 'images/speaker/product_274943200.jpg'
2025-08-22 23:18:04,033 - WARNING - Lỗi tải ảnh https://salt.tikicdn.com/cache/280x280/ts/product/f4/20/9e/44c3280f221bf38dc46d7c4a14014c88.jpg: [Errno 2] No such file or directory: 'images/speaker/product_274046847.jpg'
2025-08-22 23:18:04,664 - WARNING - Lỗi tải ảnh https://salt.tikicdn.com/cache/280x280/ts/product/aa/44/db/3efe0d42e1a1fe9e434febdee93c5124.jpg: [Errno 2] No such file or directory: 'images/speaker/product_273084814.jpg'
2025-08-22 23:18:05,145 - WARNING - Lỗi tải ảnh https://salt.tikicdn.com/cache/280x280/ts/product/b6/8e/8f/c09fdaa1f3835ea67a281eda20f6d952.jpg: [Errno 2] No such file or directory: 'images/speaker/product_273054021.jpg'
2025-08-22 23:18:05,510 - WARNING - Lỗi tải ảnh https://salt.tikicdn.com/cache/280x280/ts/product/24/d6/c9/d6a4308749e746113d8895208183866d.jpg: [Errno 2] No such file or directory: 'images/speaker/product_241639907.jpg'
2025-08-22 23:18:05,998 - WARNING - Lỗi tải ảnh https://salt.tikicdn.com/cache/280x280/ts/product/ae/91/8f/da146d4bd995ba29eea1af24a7d4bc7e.jpg: [Errno 2] No such file or directory: 'images/speaker/product_210138061.jpg'
2025-08-22 23:18:06,890 - WARNING - Lỗi tải ảnh https://salt.tikicdn.com/cache/280x280/ts/product/e1/bb/25/6c763d6fe5cf89a21d54032b18d158b4.PNG: [Errno 2] No such file or directory: 'images/speaker/product_184077032.jpg'
2025-08-22 23:18:07,500 - WARNING - Lỗi tải ảnh https://salt.tikicdn.com/cache/280x280/ts/product/81/c2/c2/1b6103d5dfcdacb81832e15b723a84d0.png: [Errno 2] No such file or directory: 'images/speaker/product_176167334.jpg'
2025-08-22 23:18:07,964 - WARNING - Lỗi tải ảnh https://salt.tikicdn.com/cache/280x280/ts/product/e4/e5/c1/4684a13cbc1f69f41e7581b41c0be5b3.png: [Errno 2] No such file or directory: 'images/speaker/product_172369953.jpg'
2025-08-22 23:18:08,329 - WARNING - Lỗi tải ảnh https://salt.tikicdn.com/cache/280x280/ts/product/7a/5d/de/45f98f9df23d45846c62f15f013620ea.jpg: [Errno 2] No such file or directory: 'images/speaker/product_165345530.jpg'
2025-08-22 23:18:08,962 - WARNING - Lỗi tải ảnh https://salt.tikicdn.com/cache/280x280/ts/product/1a/fc/38/cbe0ce951152f690f16185bac4ca68ce.jpg: [Errno 2] No such file or directory: 'images/speaker/product_165025828.jpg'
2025-08-22 23:18:09,791 - WARNING - Lỗi tải ảnh https://salt.tikicdn.com/cache/280x280/ts/product/a0/94/bd/94b89ece87f59fd9ae7ff61af0ea7e07.jpg: [Errno 2] No such file or directory: 'images/speaker/product_152521511.jpg'
2025-08-22 23:18:10,291 - WARNING - Lỗi tải ảnh https://salt.tikicdn.com/cache/280x280/ts/product/2e/cd/e8/ead32e20ebde11f76c65ea5f7abf3a72.jpg: [Errno 2] No such file or directory: 'images/speaker/product_145717791.jpg'
2025-08-22 23:18:11,148 - WARNING - Lỗi tải ảnh https://salt.tikicdn.com/cache/280x280/ts/product/2d/a5/95/bc5840dc1bbf7d717c067089b9a4a53e.jpg: [Errno 2] No such file or directory: 'images/speaker/product_123926245.jpg'
2025-08-22 23:18:11,641 - WARNING - Lỗi tải ảnh https://salt.tikicdn.com/cache/280x280/ts/product/0e/d1/ee/53f6046bf6dea3a962012f752d679134.jpg: [Errno 2] No such file or directory: 'images/speaker/product_117987260.jpg'
2025-08-22 23:18:12,393 - WARNING - Lỗi tải ảnh https://salt.tikicdn.com/cache/280x280/ts/product/85/e2/e4/fd13ceb7f2e584a754bb3635d9c619e8.png: [Errno 2] No such file or directory: 'images/speaker/product_95866327.jpg'
2025-08-22 23:18:13,305 - WARNING - Lỗi tải ảnh https://salt.tikicdn.com/cache/280x280/ts/product/9d/03/1b/6411a9d17b163c8f40e31547fd3aa77d.png: [Errno 2] No such file or directory: 'images/speaker/product_75301142.jpg'
2025-08-22 23:18:14,042 - WARNING - Lỗi tải ảnh https://salt.tikicdn.com/cache/280x280/ts/product/1e/f5/7c/3ac79b78b48ac50309c28b00c0a2159a.jpg: [Errno 2] No such file or directory: 'images/speaker/product_66758390.jpg'
2025-08-22 23:18:14,532 - WARNING - Lỗi tải ảnh https://salt.tikicdn.com/cache/280x280/ts/product/64/4a/25/24582295fa73f7aa02c5e35828ffd8d8.png: [Errno 2] No such file or directory: 'images/speaker/product_58393093.jpg'
2025-08-22 23:18:24,688 - INFO - Start crawl: category_id=1805, max_products=300, limit=40
2025-08-22 23:21:35,283 - INFO - Đã xuất 300 dòng vào data/data_speaker.xlsx
2025-08-22 23:21:35,285 - INFO - Hoàn tất: thu được 300 sản phẩm.
